TN:
SF:index.js
FN:2,(anonymous_0)
FN:3,adopt
FN:3,(anonymous_2)
FN:4,(anonymous_3)
FN:5,fulfilled
FN:6,rejected
FN:7,step
FN:11,(anonymous_7)
FN:12,(anonymous_8)
FN:13,(anonymous_9)
FN:14,verb
FN:14,(anonymous_11)
FN:15,step
FN:43,runWorker
FN:44,(anonymous_14)
FN:52,(anonymous_15)
FN:58,(anonymous_16)
FN:67,main
FN:68,(anonymous_18)
FN:70,(anonymous_19)
FNF:20
FNH:16
FNDA:1,(anonymous_0)
FNDA:1,adopt
FNDA:0,(anonymous_2)
FNDA:1,(anonymous_3)
FNDA:1,fulfilled
FNDA:0,rejected
FNDA:2,step
FNDA:1,(anonymous_7)
FNDA:1,(anonymous_8)
FNDA:0,(anonymous_9)
FNDA:3,verb
FNDA:2,(anonymous_11)
FNDA:2,step
FNDA:6,runWorker
FNDA:6,(anonymous_14)
FNDA:6,(anonymous_15)
FNDA:0,(anonymous_16)
FNDA:1,main
FNDA:1,(anonymous_18)
FNDA:2,(anonymous_19)
DA:2,1
DA:3,1
DA:4,1
DA:5,1
DA:6,0
DA:7,2
DA:8,1
DA:11,1
DA:12,1
DA:13,1
DA:14,3
DA:16,2
DA:17,4
DA:18,4
DA:19,4
DA:20,4
DA:21,2
DA:22,1
DA:23,0
DA:24,0
DA:26,1
DA:27,0
DA:28,0
DA:29,0
DA:30,0
DA:31,0
DA:33,2
DA:34,4
DA:35,1
DA:38,1
DA:39,1
DA:40,1
DA:41,1
DA:44,6
DA:46,6
DA:49,6
DA:52,6
DA:53,6
DA:57,6
DA:58,6
DA:59,0
DA:60,0
DA:68,1
DA:70,1
DA:71,2
DA:73,1
DA:74,1
DA:75,1
DA:76,1
DA:77,1
DA:78,1
DA:80,1
DA:81,1
DA:82,1
DA:88,1
DA:89,0
LF:56
LH:45
BRDA:2,0,0,1
BRDA:2,0,1,1
BRDA:2,0,2,1
BRDA:3,1,0,1
BRDA:3,1,1,0
BRDA:4,2,0,1
BRDA:4,2,1,1
BRDA:7,3,0,1
BRDA:7,3,1,1
BRDA:8,4,0,1
BRDA:8,4,1,1
BRDA:11,5,0,1
BRDA:11,5,1,1
BRDA:11,5,2,1
BRDA:12,6,0,0
BRDA:12,6,1,1
BRDA:13,7,0,1
BRDA:13,7,1,1
BRDA:16,8,0,0
BRDA:16,8,1,2
BRDA:17,9,0,5
BRDA:17,9,1,1
BRDA:17,10,0,1
BRDA:17,10,1,0
BRDA:18,11,0,0
BRDA:18,11,1,4
BRDA:18,12,0,4
BRDA:18,12,1,0
BRDA:18,12,2,0
BRDA:18,13,0,0
BRDA:18,13,1,0
BRDA:18,14,0,0
BRDA:18,14,1,0
BRDA:18,15,0,0
BRDA:18,15,1,0
BRDA:18,16,0,0
BRDA:18,16,1,0
BRDA:19,17,0,0
BRDA:19,17,1,4
BRDA:20,18,0,2
BRDA:20,18,1,2
BRDA:20,18,2,1
BRDA:20,18,3,0
BRDA:20,18,4,0
BRDA:20,18,5,1
BRDA:26,19,0,1
BRDA:26,19,1,0
BRDA:26,20,0,1
BRDA:26,20,1,1
BRDA:26,20,2,1
BRDA:26,21,0,1
BRDA:26,21,1,0
BRDA:27,22,0,0
BRDA:27,22,1,0
BRDA:27,23,0,0
BRDA:27,23,1,0
BRDA:27,23,2,0
BRDA:27,23,3,0
BRDA:28,24,0,0
BRDA:28,24,1,0
BRDA:28,25,0,0
BRDA:28,25,1,0
BRDA:29,26,0,0
BRDA:29,26,1,0
BRDA:29,27,0,0
BRDA:29,27,1,0
BRDA:30,28,0,0
BRDA:30,28,1,0
BRDA:35,29,0,0
BRDA:35,29,1,1
BRDA:35,30,0,1
BRDA:35,30,1,0
BRDA:59,31,0,0
BRDA:59,31,1,0
BRDA:71,32,0,1
BRDA:71,32,1,1
BRDA:88,33,0,0
BRDA:88,33,1,1
BRF:78
BRH:37
end_of_record
